<?xml version="1.0" encoding="utf-8"?><testsuites name="pytest tests"><testsuite name="pytest" errors="0" failures="0" skipped="0" tests="40" time="19.711" timestamp="2026-04-17T13:33:27.753320+00:00" hostname="agent-env-b20eef48-d9d8-4660-9577-d01565091e87"><testcase classname="backend.tests.test_roundtable_api.TestHealthCheck" name="test_api_health" time="0.256" /><testcase classname="backend.tests.test_roundtable_api.TestAuthEndpoints" name="test_login_admin_success" time="0.381" /><testcase classname="backend.tests.test_roundtable_api.TestAuthEndpoints" name="test_login_invalid_credentials" time="0.327" /><testcase classname="backend.tests.test_roundtable_api.TestAuthEndpoints" name="test_register_new_user" time="0.344" /><testcase classname="backend.tests.test_roundtable_api.TestAuthEndpoints" name="test_register_duplicate_email" time="0.150" /><testcase classname="backend.tests.test_roundtable_api.TestAuthEndpoints" name="test_auth_me_with_cookies" time="0.373" /><testcase classname="backend.tests.test_roundtable_api.TestAuthEndpoints" name="test_auth_me_without_auth" time="0.114" /><testcase classname="backend.tests.test_roundtable_api.TestAuthEndpoints" name="test_logout" time="0.440" /><testcase classname="backend.tests.test_roundtable_api.TestUserEndpoints" name="test_get_me" time="0.403" /><testcase classname="backend.tests.test_roundtable_api.TestUserEndpoints" name="test_update_me" time="0.533" /><testcase classname="backend.tests.test_roundtable_api.TestUserEndpoints" name="test_list_members" time="0.391" /><testcase classname="backend.tests.test_roundtable_api.TestTableEndpoints" name="test_create_table" time="0.438" /><testcase classname="backend.tests.test_roundtable_api.TestTableEndpoints" name="test_list_tables" time="0.474" /><testcase classname="backend.tests.test_roundtable_api.TestTableEndpoints" name="test_get_single_table" time="0.517" /><testcase classname="backend.tests.test_roundtable_api.TestTableEndpoints" name="test_update_table" time="0.519" /><testcase classname="backend.tests.test_roundtable_api.TestTableEndpoints" name="test_delete_table" time="0.478" /><testcase classname="backend.tests.test_roundtable_api.TestTableMembershipGuard" name="test_non_member_cannot_access_table" time="0.948" /><testcase classname="backend.tests.test_roundtable_api.TestTableMembershipGuard" name="test_non_member_cannot_post_items" time="0.803" /><testcase classname="backend.tests.test_roundtable_api.TestSharedItems" name="test_add_and_list_items" time="0.568" /><testcase classname="backend.tests.test_roundtable_api.TestSharedItems" name="test_delete_item" time="0.628" /><testcase classname="backend.tests.test_roundtable_api.TestMessages" name="test_send_and_get_messages" time="0.446" /><testcase classname="backend.tests.test_roundtable_api.TestMessages" name="test_table_scoped_messages" time="0.539" /><testcase classname="backend.tests.test_roundtable_api.TestEmails" name="test_send_and_list_emails" time="0.490" /><testcase classname="backend.tests.test_roundtable_api.TestEmails" name="test_mark_email_read_and_star" time="0.503" /><testcase classname="backend.tests.test_roundtable_api.TestTexts" name="test_send_and_list_texts" time="0.437" /><testcase classname="backend.tests.test_roundtable_api.TestEvents" name="test_create_and_list_events" time="0.484" /><testcase classname="backend.tests.test_roundtable_api.TestEvents" name="test_update_and_delete_event" time="0.484" /><testcase classname="backend.tests.test_roundtable_api.TestNotifications" name="test_list_notifications" time="0.381" /><testcase classname="backend.tests.test_roundtable_api.TestNotifications" name="test_mark_all_read" time="0.403" /><testcase classname="backend.tests.test_roundtable_api.TestWalkie" name="test_walkie_ping" time="0.464" /><testcase classname="backend.tests.test_roundtable_api.TestInvites" name="test_create_and_list_invites" time="0.544" /><testcase classname="backend.tests.test_roundtable_api.TestInvites" name="test_invite_join_flow" time="0.938" /><testcase classname="backend.tests.test_roundtable_api.TestInvites" name="test_invite_bad_code_404" time="0.387" /><testcase classname="backend.tests.test_roundtable_api.TestContacts" name="test_add_and_list_contacts" time="0.454" /><testcase classname="backend.tests.test_roundtable_api.TestContacts" name="test_contact_auto_match" time="0.368" /><testcase classname="backend.tests.test_roundtable_api.TestReferrals" name="test_get_referrals" time="0.396" /><testcase classname="backend.tests.test_roundtable_api.TestReferrals" name="test_referral_leaderboard" time="0.400" /><testcase classname="backend.tests.test_roundtable_api.TestFileUpload" name="test_upload_file" time="0.604" /><testcase classname="backend.tests.test_roundtable_api.TestAuthGuards" name="test_protected_endpoints_require_auth" time="1.127" /><testcase classname="backend.tests.test_roundtable_api.TestResponseFormat" name="test_no_mongodb_id_in_responses" time="0.689" /></testsuite></testsuites>