<?xml version="1.0" encoding="utf-8"?><testsuites name="pytest tests"><testsuite name="pytest" errors="0" failures="0" skipped="0" tests="21" time="6.001" timestamp="2026-04-18T01:09:14.283920+00:00" hostname="agent-env-cd76d786-aaaf-495a-8b06-634120c782d5"><testcase classname="tests.test_iteration13_code_quality.TestServerCompilation" name="test_server_module_imports" time="0.293" /><testcase classname="tests.test_iteration13_code_quality.TestAuthEndpoints" name="test_login_success" time="0.357" /><testcase classname="tests.test_iteration13_code_quality.TestAuthEndpoints" name="test_login_invalid_credentials" time="0.344" /><testcase classname="tests.test_iteration13_code_quality.TestAuthEndpoints" name="test_auth_me_requires_auth" time="0.128" /><testcase classname="tests.test_iteration13_code_quality.TestPublicEndpoints" name="test_vapid_key_endpoint" time="0.106" /><testcase classname="tests.test_iteration13_code_quality.TestAuthenticatedEndpoints" name="test_bridges_status" time="0.433" /><testcase classname="tests.test_iteration13_code_quality.TestAuthenticatedEndpoints" name="test_calls_active" time="0.382" /><testcase classname="tests.test_iteration13_code_quality.TestAuthenticatedEndpoints" name="test_calls_history" time="0.382" /><testcase classname="tests.test_iteration13_code_quality.TestAuthenticatedEndpoints" name="test_get_me" time="0.407" /><testcase classname="tests.test_iteration13_code_quality.TestAuthenticatedEndpoints" name="test_list_tables" time="0.378" /><testcase classname="tests.test_iteration13_code_quality.TestAuthenticatedEndpoints" name="test_list_events" time="0.400" /><testcase classname="tests.test_iteration13_code_quality.TestAuthenticatedEndpoints" name="test_list_members" time="0.377" /><testcase classname="tests.test_iteration13_code_quality.TestAuthenticatedEndpoints" name="test_list_notifications" time="0.395" /><testcase classname="tests.test_iteration13_code_quality.TestAuthenticatedEndpoints" name="test_list_emails" time="0.381" /><testcase classname="tests.test_iteration13_code_quality.TestAuthenticatedEndpoints" name="test_list_texts" time="0.375" /><testcase classname="tests.test_iteration13_code_quality.TestAuthenticatedEndpoints" name="test_list_contacts" time="0.426" /><testcase classname="tests.test_iteration13_code_quality.TestAuthenticatedEndpoints" name="test_referrals" time="0.410" /><testcase classname="tests.test_iteration13_code_quality.TestWebRTCDispatchStructure" name="test_dispatch_handlers_exist" time="0.000" /><testcase classname="tests.test_iteration13_code_quality.TestWebRTCDispatchStructure" name="test_dispatch_pattern_structure" time="0.002" /><testcase classname="tests.test_iteration13_code_quality.TestConfTestSecrets" name="test_conftest_loads_env_test" time="0.000" /><testcase classname="tests.test_iteration13_code_quality.TestConfTestSecrets" name="test_env_test_file_exists" time="0.000" /></testsuite></testsuites>