<?xml version="1.0" encoding="utf-8"?><testsuites name="pytest tests"><testsuite name="pytest" errors="0" failures="0" skipped="0" tests="13" time="6.091" timestamp="2026-04-18T00:34:26.469313+00:00" hostname="agent-env-cd76d786-aaaf-495a-8b06-634120c782d5"><testcase classname="tests.test_onboarding_iteration11.TestOnboardingFlow" name="test_register_creates_unonboarded_user" time="0.476" /><testcase classname="tests.test_onboarding_iteration11.TestOnboardingFlow" name="test_update_profile_during_onboarding" time="0.502" /><testcase classname="tests.test_onboarding_iteration11.TestOnboardingFlow" name="test_update_phone_and_auto_sms" time="0.434" /><testcase classname="tests.test_onboarding_iteration11.TestOnboardingFlow" name="test_complete_onboarding" time="0.493" /><testcase classname="tests.test_onboarding_iteration11.TestTableCreationDuringOnboarding" name="test_create_table_during_onboarding" time="0.480" /><testcase classname="tests.test_onboarding_iteration11.TestInviteCodeDuringOnboarding" name="test_generate_invite_code" time="0.530" /><testcase classname="tests.test_onboarding_iteration11.TestExistingUserOnboardedStatus" name="test_admin_is_onboarded" time="0.379" /><testcase classname="tests.test_onboarding_iteration11.TestRegressionAPIs" name="test_get_tables" time="0.502" /><testcase classname="tests.test_onboarding_iteration11.TestRegressionAPIs" name="test_get_events" time="0.430" /><testcase classname="tests.test_onboarding_iteration11.TestRegressionAPIs" name="test_get_notifications" time="0.466" /><testcase classname="tests.test_onboarding_iteration11.TestRegressionAPIs" name="test_get_referrals" time="0.463" /><testcase classname="tests.test_onboarding_iteration11.TestRegressionAPIs" name="test_get_emails" time="0.457" /><testcase classname="tests.test_onboarding_iteration11.TestRegressionAPIs" name="test_bridges_status" time="0.432" /></testsuite></testsuites>