<?xml version="1.0" encoding="utf-8"?><testsuites name="pytest tests"><testsuite name="pytest" errors="0" failures="0" skipped="0" tests="32" time="26.883" timestamp="2026-04-17T17:10:44.653363+00:00" hostname="agent-env-b20eef48-d9d8-4660-9577-d01565091e87"><testcase classname="backend.tests.test_phase3_features.TestTablePurposeField" name="test_create_table_with_purpose_family" time="0.556" /><testcase classname="backend.tests.test_phase3_features.TestTablePurposeField" name="test_create_table_with_purpose_bible_study" time="0.541" /><testcase classname="backend.tests.test_phase3_features.TestTablePurposeField" name="test_create_table_with_purpose_community" time="0.501" /><testcase classname="backend.tests.test_phase3_features.TestTablePurposeField" name="test_create_table_with_purpose_friends" time="0.422" /><testcase classname="backend.tests.test_phase3_features.TestTablePurposeField" name="test_create_table_with_purpose_work" time="0.520" /><testcase classname="backend.tests.test_phase3_features.TestTablePurposeField" name="test_create_table_with_purpose_other" time="0.423" /><testcase classname="backend.tests.test_phase3_features.TestTablePurposeField" name="test_create_table_default_purpose" time="0.435" /><testcase classname="backend.tests.test_phase3_features.TestTablePurposeField" name="test_create_table_invalid_purpose_rejected" time="0.429" /><testcase classname="backend.tests.test_phase3_features.TestTablePurposeField" name="test_update_table_purpose" time="0.639" /><testcase classname="backend.tests.test_phase3_features.TestPrayerIntentionItems" name="test_add_prayer_item" time="0.593" /><testcase classname="backend.tests.test_phase3_features.TestPrayerIntentionItems" name="test_add_intention_item" time="0.489" /><testcase classname="backend.tests.test_phase3_features.TestPrayerIntentionItems" name="test_old_item_types_still_work" time="0.818" /><testcase classname="backend.tests.test_phase3_features.TestPublicInvitePreview" name="test_preview_valid_invite_no_auth" time="0.174" /><testcase classname="backend.tests.test_phase3_features.TestPublicInvitePreview" name="test_preview_invalid_code_returns_404" time="0.116" /><testcase classname="backend.tests.test_phase3_features.TestPublicInvitePreview" name="test_preview_returns_purpose_field" time="0.144" /><testcase classname="backend.tests.test_phase3_features.TestPublicInvitePreview" name="test_preview_returns_member_count" time="0.151" /><testcase classname="backend.tests.test_phase3_features.TestAISuggestEvents" name="test_suggest_events_requires_auth" time="0.208" /><testcase classname="backend.tests.test_phase3_features.TestAISuggestEvents" name="test_suggest_events_requires_membership" time="0.532" /><testcase classname="backend.tests.test_phase3_features.TestAISuggestEvents" name="test_suggest_events_returns_valid_structure" time="7.453" /><testcase classname="backend.tests.test_phase3_features.TestAISuggestEvents" name="test_suggest_events_graceful_failure" time="6.921" /><testcase classname="backend.tests.test_phase3_features.TestPhase1Phase2Regression" name="test_auth_login" time="0.383" /><testcase classname="backend.tests.test_phase3_features.TestPhase1Phase2Regression" name="test_auth_me" time="0.543" /><testcase classname="backend.tests.test_phase3_features.TestPhase1Phase2Regression" name="test_tables_crud" time="0.533" /><testcase classname="backend.tests.test_phase3_features.TestPhase1Phase2Regression" name="test_messages_endpoint" time="0.379" /><testcase classname="backend.tests.test_phase3_features.TestPhase1Phase2Regression" name="test_emails_endpoint" time="0.408" /><testcase classname="backend.tests.test_phase3_features.TestPhase1Phase2Regression" name="test_texts_endpoint" time="0.422" /><testcase classname="backend.tests.test_phase3_features.TestPhase1Phase2Regression" name="test_events_endpoint" time="0.416" /><testcase classname="backend.tests.test_phase3_features.TestPhase1Phase2Regression" name="test_notifications_endpoint" time="0.387" /><testcase classname="backend.tests.test_phase3_features.TestPhase1Phase2Regression" name="test_invites_endpoint" time="0.379" /><testcase classname="backend.tests.test_phase3_features.TestPhase1Phase2Regression" name="test_contacts_endpoint" time="0.379" /><testcase classname="backend.tests.test_phase3_features.TestPhase1Phase2Regression" name="test_referrals_endpoint" time="0.404" /><testcase classname="backend.tests.test_phase3_features.TestPhase1Phase2Regression" name="test_health_endpoint" time="0.140" /></testsuite></testsuites>