<?xml version="1.0" encoding="utf-8"?><testsuites name="pytest tests"><testsuite name="pytest" errors="0" failures="0" skipped="0" tests="19" time="3.936" timestamp="2026-04-19T23:49:42.891795+00:00" hostname="agent-env-cd76d786-aaaf-495a-8b06-634120c782d5"><testcase classname="backend.tests.test_soft_delete.TestSoftDeleteInvites" name="test_create_and_soft_delete_invite" time="0.695" /><testcase classname="backend.tests.test_soft_delete.TestSoftDeleteInvites" name="test_clear_all_invites" time="0.239" /><testcase classname="backend.tests.test_soft_delete.TestSoftDeleteEmails" name="test_soft_delete_email" time="0.282" /><testcase classname="backend.tests.test_soft_delete.TestSoftDeleteMessages" name="test_soft_delete_message" time="0.180" /><testcase classname="backend.tests.test_soft_delete.TestSoftDeleteMessages" name="test_clear_conversation" time="0.232" /><testcase classname="backend.tests.test_soft_delete.TestSoftDeleteCallHistory" name="test_soft_delete_call_log" time="0.048" /><testcase classname="backend.tests.test_soft_delete.TestSoftDeleteCallHistory" name="test_clear_all_call_history" time="0.044" /><testcase classname="backend.tests.test_soft_delete.TestSoftDeleteContacts" name="test_soft_delete_contact" time="0.236" /><testcase classname="backend.tests.test_soft_delete.TestSoftDeleteNotifications" name="test_clear_all_notifications" time="0.045" /><testcase classname="backend.tests.test_soft_delete.TestTrashRestore" name="test_restore_invite_from_trash" time="0.283" /><testcase classname="backend.tests.test_soft_delete.TestTrashRestore" name="test_restore_contact_from_trash" time="0.191" /><testcase classname="backend.tests.test_soft_delete.TestTrashList" name="test_list_all_trash" time="0.053" /><testcase classname="backend.tests.test_soft_delete.TestTrashList" name="test_list_trash_by_collection" time="0.228" /><testcase classname="backend.tests.test_soft_delete.TestTrashPurge" name="test_purge_all_trash" time="0.242" /><testcase classname="backend.tests.test_soft_delete.TestTrashPurge" name="test_purge_specific_collection" time="0.139" /><testcase classname="backend.tests.test_soft_delete.TestGetEndpointsExcludeSoftDeleted" name="test_get_invites_excludes_deleted" time="0.145" /><testcase classname="backend.tests.test_soft_delete.TestGetEndpointsExcludeSoftDeleted" name="test_get_contacts_excludes_deleted" time="0.151" /><testcase classname="backend.tests.test_soft_delete.TestGetEndpointsExcludeSoftDeleted" name="test_get_notifications_excludes_deleted" time="0.094" /><testcase classname="backend.tests.test_soft_delete.TestRegressionLogin" name="test_login_works" time="0.386" /></testsuite></testsuites>