<?xml version="1.0" encoding="utf-8"?><testsuites name="pytest tests"><testsuite name="pytest" errors="0" failures="0" skipped="0" tests="13" time="4.081" timestamp="2026-04-17T23:56:42.044747+00:00" hostname="agent-env-cd76d786-aaaf-495a-8b06-634120c782d5"><testcase classname="tests.test_iteration9_features.TestIteration9Features" name="test_api_health" time="0.475" /><testcase classname="tests.test_iteration9_features.TestIteration9Features" name="test_auth_me_returns_user" time="0.380" /><testcase classname="tests.test_iteration9_features.TestIteration9Features" name="test_tables_endpoint" time="0.380" /><testcase classname="tests.test_iteration9_features.TestIteration9Features" name="test_events_endpoint" time="0.421" /><testcase classname="tests.test_iteration9_features.TestIteration9Features" name="test_contacts_endpoint" time="0.370" /><testcase classname="tests.test_iteration9_features.TestIteration9Features" name="test_call_history_endpoint" time="0.376" /><testcase classname="tests.test_iteration9_features.TestIteration9Features" name="test_bridges_status_endpoint" time="0.384" /><testcase classname="tests.test_iteration9_features.TestIteration9Features" name="test_update_user_phone_and_auto_sms" time="0.463" /><testcase classname="tests.test_iteration9_features.TestIteration9Features" name="test_notifications_endpoint" time="0.416" /><testcase classname="tests.test_iteration9_features.TestIteration9Features" name="test_referrals_endpoint" time="0.375" /><testcase classname="tests.test_iteration9_features.TestEventReminderFunctionExists" name="test_event_reminder_loop_exists" time="0.000" /><testcase classname="tests.test_iteration9_features.TestEventReminderFunctionExists" name="test_send_event_reminders_exists" time="0.000" /><testcase classname="tests.test_iteration9_features.TestEventReminderFunctionExists" name="test_event_reminder_checks_today_events" time="0.000" /></testsuite></testsuites>