<?xml version="1.0" encoding="utf-8"?><testsuites name="pytest tests"><testsuite name="pytest" errors="0" failures="0" skipped="0" tests="51" time="96.265" timestamp="2026-04-17T14:05:12.652438+00:00" hostname="agent-env-b20eef48-d9d8-4660-9577-d01565091e87"><testcase classname="backend.tests.test_roundtable_api.TestHealthCheck" name="test_api_health" time="0.146" /><testcase classname="backend.tests.test_roundtable_api.TestAuthEndpoints" name="test_login_admin_success" time="0.345" /><testcase classname="backend.tests.test_roundtable_api.TestAuthEndpoints" name="test_login_invalid_credentials" time="0.326" /><testcase classname="backend.tests.test_roundtable_api.TestAuthEndpoints" name="test_register_new_user" time="0.373" /><testcase classname="backend.tests.test_roundtable_api.TestAuthEndpoints" name="test_register_duplicate_email" time="0.123" /><testcase classname="backend.tests.test_roundtable_api.TestAuthEndpoints" name="test_auth_me_with_cookies" time="0.393" /><testcase classname="backend.tests.test_roundtable_api.TestAuthEndpoints" name="test_auth_me_without_auth" time="0.120" /><testcase classname="backend.tests.test_roundtable_api.TestAuthEndpoints" name="test_logout" time="0.397" /><testcase classname="backend.tests.test_roundtable_api.TestUserEndpoints" name="test_get_me" time="0.387" /><testcase classname="backend.tests.test_roundtable_api.TestUserEndpoints" name="test_update_me" time="0.503" /><testcase classname="backend.tests.test_roundtable_api.TestUserEndpoints" name="test_list_members" time="0.443" /><testcase classname="backend.tests.test_roundtable_api.TestTableEndpoints" name="test_create_table" time="0.520" /><testcase classname="backend.tests.test_roundtable_api.TestTableEndpoints" name="test_list_tables" time="0.639" /><testcase classname="backend.tests.test_roundtable_api.TestTableEndpoints" name="test_get_single_table" time="0.517" /><testcase classname="backend.tests.test_roundtable_api.TestTableEndpoints" name="test_update_table" time="0.512" /><testcase classname="backend.tests.test_roundtable_api.TestTableEndpoints" name="test_delete_table" time="0.570" /><testcase classname="backend.tests.test_roundtable_api.TestTableMembershipGuard" name="test_non_member_cannot_access_table" time="0.842" /><testcase classname="backend.tests.test_roundtable_api.TestTableMembershipGuard" name="test_non_member_cannot_post_items" time="0.855" /><testcase classname="backend.tests.test_roundtable_api.TestSharedItems" name="test_add_and_list_items" time="0.533" /><testcase classname="backend.tests.test_roundtable_api.TestSharedItems" name="test_delete_item" time="0.977" /><testcase classname="backend.tests.test_roundtable_api.TestMessages" name="test_send_and_get_messages" time="0.432" /><testcase classname="backend.tests.test_roundtable_api.TestMessages" name="test_table_scoped_messages" time="0.532" /><testcase classname="backend.tests.test_roundtable_api.TestEmails" name="test_send_and_list_emails" time="0.564" /><testcase classname="backend.tests.test_roundtable_api.TestEmails" name="test_mark_email_read_and_star" time="0.469" /><testcase classname="backend.tests.test_roundtable_api.TestTexts" name="test_send_and_list_texts" time="0.432" /><testcase classname="backend.tests.test_roundtable_api.TestEvents" name="test_create_and_list_events" time="0.527" /><testcase classname="backend.tests.test_roundtable_api.TestEvents" name="test_update_and_delete_event" time="0.571" /><testcase classname="backend.tests.test_roundtable_api.TestNotifications" name="test_list_notifications" time="0.376" /><testcase classname="backend.tests.test_roundtable_api.TestNotifications" name="test_mark_all_read" time="0.380" /><testcase classname="backend.tests.test_roundtable_api.TestWalkie" name="test_walkie_ping" time="68.573" /><testcase classname="backend.tests.test_roundtable_api.TestInvites" name="test_create_and_list_invites" time="0.738" /><testcase classname="backend.tests.test_roundtable_api.TestInvites" name="test_invite_join_flow" time="0.987" /><testcase classname="backend.tests.test_roundtable_api.TestInvites" name="test_invite_bad_code_404" time="0.410" /><testcase classname="backend.tests.test_roundtable_api.TestContacts" name="test_add_and_list_contacts" time="0.431" /><testcase classname="backend.tests.test_roundtable_api.TestContacts" name="test_contact_auto_match" time="0.397" /><testcase classname="backend.tests.test_roundtable_api.TestReferrals" name="test_get_referrals" time="0.372" /><testcase classname="backend.tests.test_roundtable_api.TestReferrals" name="test_referral_leaderboard" time="0.386" /><testcase classname="backend.tests.test_roundtable_api.TestFileUpload" name="test_upload_file" time="0.717" /><testcase classname="backend.tests.test_roundtable_api.TestAuthGuards" name="test_protected_endpoints_require_auth" time="1.157" /><testcase classname="backend.tests.test_roundtable_api.TestResponseFormat" name="test_no_mongodb_id_in_responses" time="0.640" /><testcase classname="backend.tests.test_websocket_phase2.TestWebSocketEndpoint" name="test_ws_rejects_without_token" time="0.174" /><testcase classname="backend.tests.test_websocket_phase2.TestWebSocketEndpoint" name="test_ws_accepts_with_token_query_param" time="0.503" /><testcase classname="backend.tests.test_websocket_phase2.TestWebSocketEndpoint" name="test_ws_ping_pong" time="0.585" /><testcase classname="backend.tests.test_websocket_phase2.TestPresenceBroadcast" name="test_user_status_updates_on_connect" time="0.661" /><testcase classname="backend.tests.test_websocket_phase2.TestLiveBroadcasts" name="test_message_broadcast_to_table" time="0.700" /><testcase classname="backend.tests.test_websocket_phase2.TestLiveBroadcasts" name="test_text_broadcast_to_users" time="0.644" /><testcase classname="backend.tests.test_websocket_phase2.TestLiveBroadcasts" name="test_walkie_ping_broadcast" time="0.632" /><testcase classname="backend.tests.test_websocket_phase2.TestLiveBroadcasts" name="test_item_added_broadcast" time="1.228" /><testcase classname="backend.tests.test_websocket_phase2.TestLiveBroadcasts" name="test_user_updated_broadcast" time="0.744" /><testcase classname="backend.tests.test_websocket_phase2.TestReferralJoinedBroadcast" name="test_referral_joined_broadcast" time="1.075" /><testcase classname="backend.tests.test_websocket_phase2.TestDirectMessageBroadcast" name="test_direct_message_broadcast" time="0.661" /></testsuite></testsuites>